Build started 28/8/2014 2:56:06 PM.
     1>Project "C:\Users\Malcolm\Documents\SP1\SP1Framework-master\SP1Framework\SP1Framework.vcxproj" on node 2 (build target(s)).
     1>InitializeBuildStatus:
         Creating "Debug\SP1Framework.unsuccessfulbuild" because "AlwaysCreate" was specified.
       ClCompile:
         C:\Program Files (x86)\Microsoft Visual Studio 10.0\VC\bin\CL.exe /c /ZI /nologo /W3 /WX- /Od /Oy- /D WIN32 /D _DEBUG /D _CONSOLE /D _UNICODE /D UNICODE /Gm /EHsc /RTC1 /MDd /GS /fp:precise /Zc:wchar_t /Zc:forScope /Fo"Debug\\" /Fd"Debug\vc100.pdb" /Gd /TP /analyze- /errorReport:prompt game.cpp
         game.cpp
     1>c:\users\malcolm\documents\sp1\sp1framework-master\sp1framework\game.cpp(120): warning C4244: 'argument' : conversion from 'time_t' to 'unsigned int', possible loss of data
     1>c:\users\malcolm\documents\sp1\sp1framework-master\sp1framework\game.cpp(150): warning C4018: '<' : signed/unsigned mismatch
     1>c:\users\malcolm\documents\sp1\sp1framework-master\sp1framework\game.cpp(250): warning C4018: '<=' : signed/unsigned mismatch
     1>c:\users\malcolm\documents\sp1\sp1framework-master\sp1framework\game.cpp(262): warning C4018: '<' : signed/unsigned mismatch
     1>c:\users\malcolm\documents\sp1\sp1framework-master\sp1framework\game.cpp(271): warning C4018: '<' : signed/unsigned mismatch
     1>c:\users\malcolm\documents\sp1\sp1framework-master\sp1framework\game.cpp(339): warning C4244: 'argument' : conversion from 'time_t' to 'unsigned int', possible loss of data
     1>c:\users\malcolm\documents\sp1\sp1framework-master\sp1framework\game.cpp(353): warning C4018: '<' : signed/unsigned mismatch
     1>c:\users\malcolm\documents\sp1\sp1framework-master\sp1framework\game.cpp(585): warning C4018: '<' : signed/unsigned mismatch
     1>c:\users\malcolm\documents\sp1\sp1framework-master\sp1framework\game.cpp(597): warning C4018: '<' : signed/unsigned mismatch
     1>c:\users\malcolm\documents\sp1\sp1framework-master\sp1framework\game.cpp(608): warning C4018: '<' : signed/unsigned mismatch
       ManifestResourceCompile:
         All outputs are up-to-date.
       Link:
         C:\Program Files (x86)\Microsoft Visual Studio 10.0\VC\bin\link.exe /ERRORREPORT:PROMPT /OUT:"C:\Users\Malcolm\Documents\SP1\SP1Framework-master\Debug\SP1Framework.exe" /INCREMENTAL /NOLOGO winmm.lib kernel32.lib user32.lib gdi32.lib winspool.lib comdlg32.lib advapi32.lib shell32.lib ole32.lib oleaut32.lib uuid.lib odbc32.lib odbccp32.lib /MANIFEST /ManifestFile:"Debug\SP1Framework.exe.intermediate.manifest" /MANIFESTUAC:"level='asInvoker' uiAccess='false'" /DEBUG /PDB:"C:\Users\Malcolm\Documents\SP1\SP1Framework-master\Debug\SP1Framework.pdb" /SUBSYSTEM:CONSOLE /TLBID:1 /DYNAMICBASE /NXCOMPAT /IMPLIB:"C:\Users\Malcolm\Documents\SP1\SP1Framework-master\Debug\SP1Framework.lib" /MACHINE:X86 Debug\SP1Framework.exe.embed.manifest.res
         Debug\console.obj
         Debug\timer.obj
         Debug\game.obj
         Debug\main.obj
       Manifest:
         C:\Program Files (x86)\Microsoft SDKs\Windows\v7.0A\bin\mt.exe /nologo /verbose /out:"Debug\SP1Framework.exe.embed.manifest" /manifest Debug\SP1Framework.exe.intermediate.manifest
         All outputs are up-to-date.
       LinkEmbedManifest:
         All outputs are up-to-date.
         SP1Framework.vcxproj -> C:\Users\Malcolm\Documents\SP1\SP1Framework-master\Debug\SP1Framework.exe
       FinalizeBuildStatus:
         Deleting file "Debug\SP1Framework.unsuccessfulbuild".
         Touching "Debug\SP1Framework.lastbuildstate".
     1>Done Building Project "C:\Users\Malcolm\Documents\SP1\SP1Framework-master\SP1Framework\SP1Framework.vcxproj" (build target(s)).

Build succeeded.

Time Elapsed 00:00:01.28
